TN:
SF:src/config/env.ts
FNF:0
FNH:0
DA:1,16
DA:11,16
DA:12,2
DA:15,16
DA:16,7
LF:5
LH:5
BRDA:2,0,0,16
BRDA:2,0,1,1
BRDA:3,1,0,16
BRDA:3,1,1,1
BRDA:4,2,0,16
BRDA:4,2,1,7
BRDA:5,3,0,16
BRDA:5,3,1,1
BRDA:6,4,0,16
BRDA:6,4,1,2
BRDA:7,5,0,16
BRDA:7,5,1,1
BRDA:8,6,0,16
BRDA:8,6,1,1
BRDA:11,7,0,2
BRDA:11,7,1,14
BRDA:15,8,0,7
BRDA:15,8,1,9
BRF:18
BRH:18
end_of_record
TN:
SF:src/controllers/duaController.ts
FN:30,matchDua
FN:64,(anonymous_1)
FN:112,health
FNF:3
FNH:3
FNDA:21,matchDua
FNDA:124,(anonymous_1)
FNDA:3,health
DA:31,21
DA:32,21
DA:35,21
DA:36,8
DA:41,13
DA:42,2
DA:48,11
DA:49,11
DA:50,0
DA:56,11
DA:58,11
DA:59,11
DA:61,11
DA:64,124
DA:66,10
DA:67,1
DA:70,9
DA:71,9
DA:76,2
DA:80,2
DA:81,2
DA:82,0
DA:87,2
DA:88,2
DA:94,11
DA:99,0
DA:100,0
DA:113,3
DA:114,3
DA:115,3
DA:121,0
LF:31
LH:26
BRDA:35,0,0,8
BRDA:35,0,1,13
BRDA:35,1,0,21
BRDA:35,1,1,17
BRDA:41,2,0,2
BRDA:41,2,1,11
BRDA:49,3,0,0
BRDA:49,3,1,11
BRDA:66,4,0,1
BRDA:66,4,1,9
BRDA:81,5,0,0
BRDA:81,5,1,2
BRDA:101,6,0,0
BRDA:101,6,1,0
BRF:14
BRH:10
end_of_record
TN:
SF:src/controllers/mosqueController.ts
FN:4,getNearbyMosquesHandler
FNF:1
FNH:1
FNDA:4,getNearbyMosquesHandler
DA:5,4
DA:6,4
DA:8,4
DA:9,1
DA:14,3
DA:15,3
DA:16,3
DA:18,3
DA:26,1
DA:32,2
DA:33,1
DA:38,1
DA:44,1
DA:50,0
LF:14
LH:13
BRDA:8,0,0,1
BRDA:8,0,1,3
BRDA:8,1,0,4
BRDA:8,1,1,3
BRDA:16,2,0,1
BRDA:16,2,1,2
BRDA:18,3,0,1
BRDA:18,3,1,2
BRDA:19,4,0,3
BRDA:19,4,1,3
BRDA:19,4,2,3
BRDA:19,4,3,3
BRDA:19,4,4,2
BRDA:19,4,5,2
BRDA:32,5,0,1
BRDA:32,5,1,1
BRDA:32,6,0,2
BRDA:32,6,1,2
BRDA:32,6,2,2
BRF:19
BRH:19
end_of_record
TN:
SF:src/middleware/errorHandler.ts
FN:3,errorHandler
FNF:1
FNH:1
FNDA:6,errorHandler
DA:9,6
DA:11,6
DA:12,6
DA:14,6
LF:4
LH:4
BRDA:11,0,0,6
BRDA:11,0,1,4
BRDA:12,1,0,6
BRDA:12,1,1,2
BRF:4
BRH:4
end_of_record
TN:
SF:src/routes/dua.ts
FNF:0
FNH:0
DA:4,24
DA:12,24
DA:18,24
LF:3
LH:3
BRF:0
BRH:0
end_of_record
TN:
SF:src/routes/mosque.ts
FN:19,(anonymous_0)
FNF:1
FNH:1
FNDA:1,(anonymous_0)
DA:5,5
DA:7,5
DA:17,5
DA:19,5
DA:20,1
LF:5
LH:5
BRF:0
BRH:0
end_of_record
TN:
SF:src/services/googleMapsService.ts
FN:35,getNearbyMosques
FN:67,(anonymous_1)
FNF:2
FNH:2
FNDA:4,getNearbyMosques
FNDA:1,(anonymous_1)
DA:40,4
DA:41,1
DA:44,3
DA:56,3
DA:57,3
DA:58,1
DA:63,2
DA:64,1
DA:67,1
LF:9
LH:9
BRDA:38,0,0,3
BRDA:40,1,0,1
BRDA:40,1,1,3
BRDA:57,2,0,1
BRDA:57,2,1,2
BRDA:57,3,0,3
BRDA:57,3,1,2
BRDA:59,4,0,1
BRDA:59,4,1,0
BRDA:63,5,0,1
BRDA:63,5,1,1
BRDA:63,6,0,2
BRDA:63,6,1,2
BRDA:71,7,0,1
BRDA:71,7,1,0
BRDA:71,7,2,0
BRF:16
BRH:13
end_of_record
TN:
SF:src/services/openaiService.ts
FN:16,selectDuaWithOpenAI
FN:29,(anonymous_1)
FNF:2
FNH:2
FNDA:9,selectDuaWithOpenAI
FNDA:16,(anonymous_1)
DA:20,9
DA:21,1
DA:28,8
DA:29,16
DA:32,8
DA:47,8
DA:54,8
DA:55,8
DA:74,7
DA:75,6
DA:78,6
DA:79,6
DA:80,1
DA:83,5
DA:85,5
DA:86,3
DA:89,2
DA:90,2
DA:92,6
DA:93,6
LF:20
LH:20
BRDA:20,0,0,1
BRDA:20,0,1,8
BRDA:74,1,0,7
BRDA:74,1,1,1
BRDA:79,2,0,1
BRDA:79,2,1,5
BRDA:85,3,0,3
BRDA:85,3,1,2
BRDA:85,4,0,5
BRDA:85,4,1,3
BRF:10
BRH:10
end_of_record
TN:
SF:src/utils/duaDatabase.ts
FN:21,loadDuas
FN:41,formatDuaMetadataForContext
FN:48,getRandomDua
FN:58,getDuasByCategory
FN:60,(anonymous_4)
FN:68,getRandomDuaByCategory
FNF:6
FNH:6
FNDA:14,loadDuas
FNDA:19,formatDuaMetadataForContext
FNDA:55,getRandomDua
FNDA:64,getDuasByCategory
FNDA:186,(anonymous_4)
FNDA:57,getRandomDuaByCategory
DA:15,34
DA:22,14
DA:24,14
DA:25,14
DA:26,14
DA:27,14
DA:28,14
DA:29,14
DA:30,14
DA:32,0
DA:33,0
DA:42,19
DA:49,55
DA:50,54
DA:51,54
DA:59,64
DA:60,186
DA:72,57
DA:73,57
DA:74,55
DA:75,55
LF:21
LH:19
BRDA:22,0,0,0
BRDA:22,0,1,14
BRDA:28,1,0,14
BRDA:28,1,1,0
BRDA:49,2,0,1
BRDA:49,2,1,54
BRDA:73,3,0,2
BRDA:73,3,1,55
BRF:8
BRH:6
end_of_record
