TN:
SF:src/config/env.ts
FNF:0
FNH:0
DA:1,5
DA:10,5
DA:11,2
LF:3
LH:3
BRDA:2,0,0,5
BRDA:2,0,1,1
BRDA:3,1,0,5
BRDA:3,1,1,1
BRDA:4,2,0,5
BRDA:4,2,1,2
BRDA:5,3,0,5
BRDA:5,3,1,1
BRDA:6,4,0,5
BRDA:6,4,1,1
BRDA:7,5,0,5
BRDA:7,5,1,1
BRDA:10,6,0,2
BRDA:10,6,1,3
BRF:14
BRH:14
end_of_record
TN:
SF:src/controllers/duaController.ts
FN:28,matchDua
FN:60,(anonymous_1)
FN:106,health
FNF:3
FNH:3
FNDA:32,matchDua
FNDA:411,(anonymous_1)
FNDA:3,health
DA:29,32
DA:30,32
DA:33,32
DA:34,8
DA:39,24
DA:40,2
DA:46,22
DA:47,22
DA:48,0
DA:55,22
DA:57,22
DA:60,411
DA:62,11
DA:63,0
DA:66,11
DA:71,11
DA:75,11
DA:76,11
DA:77,0
DA:82,11
DA:89,22
DA:93,0
DA:94,0
DA:107,3
DA:108,3
DA:109,3
DA:115,0
LF:27
LH:21
BRDA:33,0,0,8
BRDA:33,0,1,24
BRDA:33,1,0,32
BRDA:33,1,1,28
BRDA:39,2,0,2
BRDA:39,2,1,22
BRDA:47,3,0,0
BRDA:47,3,1,22
BRDA:62,4,0,0
BRDA:62,4,1,11
BRDA:76,5,0,0
BRDA:76,5,1,11
BRDA:95,6,0,0
BRDA:95,6,1,0
BRF:14
BRH:9
end_of_record
TN:
SF:src/middleware/errorHandler.ts
FN:3,errorHandler
FNF:1
FNH:1
FNDA:6,errorHandler
DA:9,6
DA:11,6
DA:12,6
DA:14,6
LF:4
LH:4
BRDA:11,0,0,6
BRDA:11,0,1,4
BRDA:12,1,0,6
BRDA:12,1,1,2
BRF:4
BRH:4
end_of_record
TN:
SF:src/routes/dua.ts
FNF:0
FNH:0
DA:4,1
DA:12,1
DA:18,1
LF:3
LH:3
BRF:0
BRH:0
end_of_record
TN:
SF:src/services/openaiService.ts
FN:16,selectDuaWithOpenAI
FN:29,(anonymous_1)
FNF:2
FNH:2
FNDA:39,selectDuaWithOpenAI
FNDA:2598,(anonymous_1)
DA:20,39
DA:21,0
DA:28,39
DA:29,2598
DA:32,39
DA:47,39
DA:54,39
DA:55,39
DA:57,39
DA:76,23
DA:77,23
DA:80,23
DA:81,23
DA:82,0
DA:85,23
DA:87,23
DA:88,0
DA:91,23
DA:92,23
DA:94,16
DA:95,16
LF:21
LH:18
BRDA:20,0,0,0
BRDA:20,0,1,39
BRDA:76,1,0,23
BRDA:76,1,1,0
BRDA:81,2,0,0
BRDA:81,2,1,23
BRDA:87,3,0,0
BRDA:87,3,1,23
BRDA:87,4,0,23
BRDA:87,4,1,23
BRF:10
BRH:6
end_of_record
TN:
SF:src/utils/duaDatabase.ts
FN:21,loadDuas
FN:41,formatDuaMetadataForContext
FN:48,getRandomDua
FNF:3
FNH:3
FNDA:25,loadDuas
FNDA:2729,formatDuaMetadataForContext
FNDA:64,getRandomDua
DA:15,3
DA:22,25
DA:24,1
DA:25,1
DA:26,1
DA:27,1
DA:28,1
DA:29,1
DA:30,1
DA:32,0
DA:33,0
DA:42,2729
DA:49,64
DA:50,63
DA:51,63
LF:15
LH:13
BRDA:22,0,0,24
BRDA:22,0,1,1
BRDA:28,1,0,1
BRDA:28,1,1,0
BRDA:49,2,0,1
BRDA:49,2,1,63
BRF:6
BRH:5
end_of_record
